[12:22:58.084][info] [#0:/home/annalee/.local/share/nvim/lsp_servers/sumneko_lua/extension/server/main.lua:49]: Lua Lsp startup, root: 	/home/annalee/.local/share/nvim/lsp_servers/sumneko_lua/extension/server
[12:22:58.085][debug][#0:/home/annalee/.local/share/nvim/lsp_servers/sumneko_lua/extension/server/main.lua:50]: ROOT:	/home/annalee/.local/share/nvim/lsp_servers/sumneko_lua/extension/server
[12:22:58.086][debug][#0:/home/annalee/.local/share/nvim/lsp_servers/sumneko_lua/extension/server/main.lua:51]: LOGPATH:	/home/annalee/.local/share/nvim/lsp_servers/sumneko_lua/extension/server/log
[12:22:58.086][debug][#0:/home/annalee/.local/share/nvim/lsp_servers/sumneko_lua/extension/server/main.lua:52]: METAPATH:	/home/annalee/.local/share/nvim/lsp_servers/sumneko_lua/extension/server/meta
[12:22:58.086][debug][#0:/home/annalee/.local/share/nvim/lsp_servers/sumneko_lua/extension/server/main.lua:53]: VERSION:	2.5.4
[12:22:58.178][info] [#0:script/service/telemetry.lua:21]: Telemetry Token:	6565F24579036BF9
[12:22:58.190][info] [#0:script/pub/pub.lua:48]: Create brave:	1
[12:22:58.191][info] [#0:script/pub/pub.lua:48]: Create brave:	2
[12:22:58.192][info] [#0:script/pub/pub.lua:48]: Create brave:	3
[12:22:58.192][info] [#0:script/pub/pub.lua:48]: Create brave:	4
[12:22:58.193][debug][#0:script/service/service.lua:138]: 
========= Medical Examination Report =========
    --------------- Memory ---------------
        Total: 1.332 MB
        # 00 : 1.332 MB
        # 01 : 0.000 MB
        # 02 : 0.000 MB
        # 03 : 0.000 MB
        # 04 : 0.000 MB
    --------------- Coroutine ---------------
        Total:     0
        Running:   0
        Suspended: 0
        Normal:    0
        Dead:      0
    --------------- Cache ---------------
        Total: 1
        Dead:  0
    --------------- Proto ---------------
        Holdon:   0
        Waiting:  0
==============================================
[12:22:58.269][debug][#0:script/client.lua:344]: Client init	{
    capabilities = {
        callHierarchy = {
            dynamicRegistration = false,
        },
        textDocument = {
            codeAction = {
                codeActionLiteralSupport = {
                    codeActionKind = {
                        valueSet = {
                            [01] = "",
                            [02] = "Empty",
                            [03] = "QuickFix",
                            [04] = "Refactor",
                            [05] = "RefactorExtract",
                            [06] = "RefactorInline",
                            [07] = "RefactorRewrite",
                            [08] = "Source",
                            [09] = "SourceOrganizeImports",
                            [10] = "quickfix",
                            [11] = "refactor",
                            [12] = "refactor.extract",
                            [13] = "refactor.inline",
                            [14] = "refactor.rewrite",
                            [15] = "source",
                            [16] = "source.organizeImports",
                        },
                    },
                },
                dataSupport = true,
                dynamicRegistration = false,
                resolveSupport = {
                    properties = {
                        [1] = "edit",
                    },
                },
            },
            completion = {
                completionItem = {
                    commitCharactersSupport = false,
                    deprecatedSupport = false,
                    documentationFormat = {
                        [1] = "markdown",
                        [2] = "plaintext",
                    },
                    preselectSupport = false,
                    snippetSupport = false,
                },
                completionItemKind = {
                    valueSet = {
                        [01] = 1,
                        [02] = 2,
                        [03] = 3,
                        [04] = 4,
                        [05] = 5,
                        [06] = 6,
                        [07] = 7,
                        [08] = 8,
                        [09] = 9,
                        [10] = 10,
                        [11] = 11,
                        [12] = 12,
                        [13] = 13,
                        [14] = 14,
                        [15] = 15,
                        [16] = 16,
                        [17] = 17,
                        [18] = 18,
                        [19] = 19,
                        [20] = 20,
                        [21] = 21,
                        [22] = 22,
                        [23] = 23,
                        [24] = 24,
                        [25] = 25,
                    },
                },
                contextSupport = false,
                dynamicRegistration = false,
            },
            declaration = {
                linkSupport = true,
            },
            definition = {
                linkSupport = true,
            },
            documentHighlight = {
                dynamicRegistration = false,
            },
            documentSymbol = {
                dynamicRegistration = false,
                hierarchicalDocumentSymbolSupport = true,
                symbolKind = {
                    valueSet = {
                        [01] = 1,
                        [02] = 2,
                        [03] = 3,
                        [04] = 4,
                        [05] = 5,
                        [06] = 6,
                        [07] = 7,
                        [08] = 8,
                        [09] = 9,
                        [10] = 10,
                        [11] = 11,
                        [12] = 12,
                        [13] = 13,
                        [14] = 14,
                        [15] = 15,
                        [16] = 16,
                        [17] = 17,
                        [18] = 18,
                        [19] = 19,
                        [20] = 20,
                        [21] = 21,
                        [22] = 22,
                        [23] = 23,
                        [24] = 24,
                        [25] = 25,
                        [26] = 26,
                    },
                },
            },
            hover = {
                contentFormat = {
                    [1] = "markdown",
                    [2] = "plaintext",
                },
                dynamicRegistration = false,
            },
            implementation = {
                linkSupport = true,
            },
            publishDiagnostics = {
                relatedInformation = true,
                tagSupport = {
                    valueSet = {
                        [1] = 1,
                        [2] = 2,
                    },
                },
            },
            references = {
                dynamicRegistration = false,
            },
            rename = {
                dynamicRegistration = false,
                prepareSupport = true,
            },
            signatureHelp = {
                dynamicRegistration = false,
                signatureInformation = {
                    activeParameterSupport = true,
                    documentationFormat = {
                        [1] = "markdown",
                        [2] = "plaintext",
                    },
                    parameterInformation = {
                        labelOffsetSupport = true,
                    },
                },
            },
            synchronization = {
                didSave = true,
                dynamicRegistration = false,
                willSave = false,
                willSaveWaitUntil = false,
            },
            typeDefinition = {
                linkSupport = true,
            },
        },
        window = {
            showDocument = {
                support = false,
            },
            showMessage = {
                messageActionItem = {
                    additionalPropertiesSupport = false,
                },
            },
            workDoneProgress = true,
        },
        workspace = {
            applyEdit = true,
            configuration = true,
            symbol = {
                dynamicRegistration = false,
                hierarchicalWorkspaceSymbolSupport = true,
                symbolKind = {
                    valueSet = {
                        [01] = 1,
                        [02] = 2,
                        [03] = 3,
                        [04] = 4,
                        [05] = 5,
                        [06] = 6,
                        [07] = 7,
                        [08] = 8,
                        [09] = 9,
                        [10] = 10,
                        [11] = 11,
                        [12] = 12,
                        [13] = 13,
                        [14] = 14,
                        [15] = 15,
                        [16] = 16,
                        [17] = 17,
                        [18] = 18,
                        [19] = 19,
                        [20] = 20,
                        [21] = 21,
                        [22] = 22,
                        [23] = 23,
                        [24] = 24,
                        [25] = 25,
                        [26] = 26,
                    },
                },
            },
            workspaceEdit = {
                resourceOperations = {
                    [1] = "rename",
                    [2] = "create",
                    [3] = "delete",
                },
            },
            workspaceFolders = true,
        },
    },
    clientInfo = {
        name = "Neovim",
        version = "0.7.0",
    },
    initializationOptions = {
    },
    processId = 10861,
    trace = "off",
}
[12:22:58.269][info] [#0:script/language.lua:135]: VSC language: nil
[12:22:58.269][info] [#0:script/language.lua:136]: LS  language: en-us
[12:22:58.270][info] [#0:script/workspace/workspace.lua:34]: Workspace inited: 	nil
[12:22:58.272][debug][#0:script/provider/provider.lua:24]: load config from client
[12:22:58.273][debug][#0:script/provider/provider.lua:42]: loaded config dump:	{
    Lua = {
        IntelliSense = {
            traceBeSetted = false,
            traceFieldInject = false,
            traceLocalSet = false,
            traceReturn = false,
        },
        color = {
            mode = "Semantic",
        },
        completion = {
            autoRequire = true,
            callSnippet = "Disable",
            displayContext = 0,
            enable = true,
            keywordSnippet = "Replace",
            postfix = "@",
            requireSeparator = ".",
            showParams = true,
            showWord = "Fallback",
            workspaceWord = true,
        },
        diagnostics = {
            disable = {
            },
            enable = true,
            globals = {
            },
            ignoredFiles = "Opened",
            libraryFiles = "Opened",
            neededFileStatus = {
                ["ambiguity-1"] = "Any",
                ["await-in-sync"] = "None",
                ["circle-doc-class"] = "Any",
                ["close-non-object"] = "Any",
                ["code-after-break"] = "Opened",
                ["count-down-loop"] = "Any",
                ["different-requires"] = "Any",
                ["discard-returns"] = "Opened",
                ["doc-field-no-class"] = "Any",
                ["duplicate-doc-class"] = "Any",
                ["duplicate-doc-field"] = "Any",
                ["duplicate-doc-param"] = "Any",
                ["duplicate-index"] = "Any",
                ["duplicate-set-field"] = "Any",
                ["empty-block"] = "Opened",
                ["global-in-nil-env"] = "Any",
                ["lowercase-global"] = "Any",
                ["newfield-call"] = "Any",
                ["newline-call"] = "Any",
                ["no-implicit-any"] = "None",
                ["not-yieldable"] = "None",
                ["redefined-local"] = "Opened",
                ["redundant-parameter"] = "Opened",
                ["redundant-return"] = "Opened",
                ["redundant-value"] = "Opened",
                ["trailing-space"] = "Opened",
                ["type-check"] = "None",
                ["unbalanced-assignments"] = "Any",
                ["undefined-doc-class"] = "Any",
                ["undefined-doc-name"] = "Any",
                ["undefined-doc-param"] = "Any",
                ["undefined-env-child"] = "Any",
                ["undefined-field"] = "Opened",
                ["undefined-global"] = "Any",
                ["unknown-diag-code"] = "Any",
                ["unused-function"] = "Opened",
                ["unused-label"] = "Opened",
                ["unused-local"] = "Opened",
                ["unused-vararg"] = "Opened",
                deprecated = "Opened",
            },
            severity = {
                ["ambiguity-1"] = "Warning",
                ["await-in-sync"] = "Warning",
                ["circle-doc-class"] = "Warning",
                ["close-non-object"] = "Warning",
                ["code-after-break"] = "Hint",
                ["count-down-loop"] = "Warning",
                ["different-requires"] = "Warning",
                ["discard-returns"] = "Warning",
                ["doc-field-no-class"] = "Warning",
                ["duplicate-doc-class"] = "Warning",
                ["duplicate-doc-field"] = "Warning",
                ["duplicate-doc-param"] = "Warning",
                ["duplicate-index"] = "Warning",
                ["duplicate-set-field"] = "Warning",
                ["empty-block"] = "Hint",
                ["global-in-nil-env"] = "Warning",
                ["lowercase-global"] = "Information",
                ["newfield-call"] = "Warning",
                ["newline-call"] = "Information",
                ["no-implicit-any"] = "Information",
                ["not-yieldable"] = "Warning",
                ["redefined-local"] = "Hint",
                ["redundant-parameter"] = "Warning",
                ["redundant-return"] = "Warning",
                ["redundant-value"] = "Warning",
                ["trailing-space"] = "Hint",
                ["type-check"] = "Warning",
                ["unbalanced-assignments"] = "Warning",
                ["undefined-doc-class"] = "Warning",
                ["undefined-doc-name"] = "Warning",
                ["undefined-doc-param"] = "Warning",
                ["undefined-env-child"] = "Information",
                ["undefined-field"] = "Warning",
                ["undefined-global"] = "Warning",
                ["unknown-diag-code"] = "Waiting",
                ["unused-function"] = "Hint",
                ["unused-label"] = "Hint",
                ["unused-local"] = "Hint",
                ["unused-vararg"] = "Hint",
                deprecated = "Warning",
            },
            workspaceDelay = 0,
            workspaceRate = 100,
        },
        hint = {
            await = true,
            enable = false,
            paramName = "All",
            paramType = true,
            setType = false,
        },
        hover = {
            enable = true,
            enumsLimit = 5,
            previewFields = 20,
            viewNumber = true,
            viewString = true,
            viewStringMax = 1000,
        },
        runtime = {
            builtin = {
            },
            fileEncoding = "utf8",
            meta = "${version} ${language} ${encoding}",
            nonstandardSymbol = {
            },
            path = {
                [1] = "?.lua",
                [2] = "?/init.lua",
            },
            pathStrict = false,
            plugin = "",
            special = {
            },
            unicodeName = false,
            version = "Lua 5.4",
        },
        signatureHelp = {
            enable = true,
        },
        telemetry = {
            enable = false,
        },
        window = {
            progressBar = true,
            statusBar = true,
        },
        workspace = {
            checkThirdParty = true,
            ignoreDir = {
            },
            ignoreSubmodules = true,
            library = {
            },
            maxPreload = 1000,
            preloadFileSize = 100,
            useGitIgnore = true,
            userThirdParty = {
            },
        },
    },
    editor = {
        acceptSuggestionOnEnter = "on",
        semanticHighlighting = {
            enabled = {
            },
        },
    },
    files = {
        associations = {
        },
        exclude = {
        },
    },
}
[12:22:58.292][info] [#0:script/plugin.lua:88]: plugin path:	nil
[12:22:58.293][debug][#0:script/provider/provider.lua:24]: load config from client
[12:22:58.295][debug][#0:script/provider/provider.lua:42]: loaded config dump:	{
    Lua = {
        IntelliSense = {
            traceBeSetted = false,
            traceFieldInject = false,
            traceLocalSet = false,
            traceReturn = false,
        },
        color = {
            mode = "Semantic",
        },
        completion = {
            autoRequire = true,
            callSnippet = "Disable",
            displayContext = 0,
            enable = true,
            keywordSnippet = "Replace",
            postfix = "@",
            requireSeparator = ".",
            showParams = true,
            showWord = "Fallback",
            workspaceWord = true,
        },
        diagnostics = {
            disable = {
            },
            enable = true,
            globals = {
            },
            ignoredFiles = "Opened",
            libraryFiles = "Opened",
            neededFileStatus = {
                ["ambiguity-1"] = "Any",
                ["await-in-sync"] = "None",
                ["circle-doc-class"] = "Any",
                ["close-non-object"] = "Any",
                ["code-after-break"] = "Opened",
                ["count-down-loop"] = "Any",
                ["different-requires"] = "Any",
                ["discard-returns"] = "Opened",
                ["doc-field-no-class"] = "Any",
                ["duplicate-doc-class"] = "Any",
                ["duplicate-doc-field"] = "Any",
                ["duplicate-doc-param"] = "Any",
                ["duplicate-index"] = "Any",
                ["duplicate-set-field"] = "Any",
                ["empty-block"] = "Opened",
                ["global-in-nil-env"] = "Any",
                ["lowercase-global"] = "Any",
                ["newfield-call"] = "Any",
                ["newline-call"] = "Any",
                ["no-implicit-any"] = "None",
                ["not-yieldable"] = "None",
                ["redefined-local"] = "Opened",
                ["redundant-parameter"] = "Opened",
                ["redundant-return"] = "Opened",
                ["redundant-value"] = "Opened",
                ["trailing-space"] = "Opened",
                ["type-check"] = "None",
                ["unbalanced-assignments"] = "Any",
                ["undefined-doc-class"] = "Any",
                ["undefined-doc-name"] = "Any",
                ["undefined-doc-param"] = "Any",
                ["undefined-env-child"] = "Any",
                ["undefined-field"] = "Opened",
                ["undefined-global"] = "Any",
                ["unknown-diag-code"] = "Any",
                ["unused-function"] = "Opened",
                ["unused-label"] = "Opened",
                ["unused-local"] = "Opened",
                ["unused-vararg"] = "Opened",
                deprecated = "Opened",
            },
            severity = {
                ["ambiguity-1"] = "Warning",
                ["await-in-sync"] = "Warning",
                ["circle-doc-class"] = "Warning",
                ["close-non-object"] = "Warning",
                ["code-after-break"] = "Hint",
                ["count-down-loop"] = "Warning",
                ["different-requires"] = "Warning",
                ["discard-returns"] = "Warning",
                ["doc-field-no-class"] = "Warning",
                ["duplicate-doc-class"] = "Warning",
                ["duplicate-doc-field"] = "Warning",
                ["duplicate-doc-param"] = "Warning",
                ["duplicate-index"] = "Warning",
                ["duplicate-set-field"] = "Warning",
                ["empty-block"] = "Hint",
                ["global-in-nil-env"] = "Warning",
                ["lowercase-global"] = "Information",
                ["newfield-call"] = "Warning",
                ["newline-call"] = "Information",
                ["no-implicit-any"] = "Information",
                ["not-yieldable"] = "Warning",
                ["redefined-local"] = "Hint",
                ["redundant-parameter"] = "Warning",
                ["redundant-return"] = "Warning",
                ["redundant-value"] = "Warning",
                ["trailing-space"] = "Hint",
                ["type-check"] = "Warning",
                ["unbalanced-assignments"] = "Warning",
                ["undefined-doc-class"] = "Warning",
                ["undefined-doc-name"] = "Warning",
                ["undefined-doc-param"] = "Warning",
                ["undefined-env-child"] = "Information",
                ["undefined-field"] = "Warning",
                ["undefined-global"] = "Warning",
                ["unknown-diag-code"] = "Waiting",
                ["unused-function"] = "Hint",
                ["unused-label"] = "Hint",
                ["unused-local"] = "Hint",
                ["unused-vararg"] = "Hint",
                deprecated = "Warning",
            },
            workspaceDelay = 0,
            workspaceRate = 100,
        },
        hint = {
            await = true,
            enable = false,
            paramName = "All",
            paramType = true,
            setType = false,
        },
        hover = {
            enable = true,
            enumsLimit = 5,
            previewFields = 20,
            viewNumber = true,
            viewString = true,
            viewStringMax = 1000,
        },
        runtime = {
            builtin = {
            },
            fileEncoding = "utf8",
            meta = "${version} ${language} ${encoding}",
            nonstandardSymbol = {
            },
            path = {
                [1] = "?.lua",
                [2] = "?/init.lua",
            },
            pathStrict = false,
            plugin = "",
            special = {
            },
            unicodeName = false,
            version = "Lua 5.4",
        },
        signatureHelp = {
            enable = true,
        },
        telemetry = {
            enable = false,
        },
        window = {
            progressBar = true,
            statusBar = true,
        },
        workspace = {
            checkThirdParty = true,
            ignoreDir = {
            },
            ignoreSubmodules = true,
            library = {
            },
            maxPreload = 1000,
            preloadFileSize = 100,
            useGitIgnore = true,
            userThirdParty = {
            },
        },
    },
    editor = {
        acceptSuggestionOnEnter = "on",
        semanticHighlighting = {
            enabled = {
            },
        },
    },
    files = {
        associations = {
        },
        exclude = {
        },
    },
}
[12:22:59.271][info] [#0:script/workspace/workspace.lua:335]: Preload start.
[12:22:59.272][debug][#0:script/workspace/workspace.lua:168]: getLibraryMatchers	/home/annalee/.local/share/nvim/lsp_servers/sumneko_lua/extension/server/meta/Lua 5.4 en-us utf8	/home/annalee/.local/share/nvim/lsp_servers/sumneko_lua/extension/server/meta/Lua 5.4 en-us utf8
[12:22:59.272][info] [#0:script/workspace/workspace.lua:345]: Scan library at:	/home/annalee/.local/share/nvim/lsp_servers/sumneko_lua/extension/server/meta/Lua 5.4 en-us utf8
[12:22:59.283][info] [#0:script/workspace/workspace.lua:369]: Found 11 files.
[12:22:59.284][info] [#0:script/workspace/workspace.lua:247]: Preload file at: file:///home/annalee/.local/share/nvim/lsp_servers/sumneko_lua/extension/server/meta/Lua%205.4%20en-us%20utf8/math.lua , size = 8.632 KB
[12:22:59.284][info] [#0:script/workspace/workspace.lua:249]: ++++As library of:	/home/annalee/.local/share/nvim/lsp_servers/sumneko_lua/extension/server/meta/Lua 5.4 en-us utf8
[12:22:59.316][info] [#0:script/workspace/workspace.lua:372]: Loaded 1/11 files
[12:22:59.317][info] [#0:script/workspace/workspace.lua:247]: Preload file at: file:///home/annalee/.local/share/nvim/lsp_servers/sumneko_lua/extension/server/meta/Lua%205.4%20en-us%20utf8/basic.lua , size = 13.954 KB
[12:22:59.317][info] [#0:script/workspace/workspace.lua:249]: ++++As library of:	/home/annalee/.local/share/nvim/lsp_servers/sumneko_lua/extension/server/meta/Lua 5.4 en-us utf8
[12:22:59.332][info] [#0:script/workspace/workspace.lua:247]: Preload file at: file:///home/annalee/.local/share/nvim/lsp_servers/sumneko_lua/extension/server/meta/Lua%205.4%20en-us%20utf8/builtin.lua , size = 0.216 KB
[12:22:59.333][info] [#0:script/workspace/workspace.lua:249]: ++++As library of:	/home/annalee/.local/share/nvim/lsp_servers/sumneko_lua/extension/server/meta/Lua 5.4 en-us utf8
[12:22:59.334][info] [#0:script/workspace/workspace.lua:247]: Preload file at: file:///home/annalee/.local/share/nvim/lsp_servers/sumneko_lua/extension/server/meta/Lua%205.4%20en-us%20utf8/coroutine.lua , size = 2.573 KB
[12:22:59.334][info] [#0:script/workspace/workspace.lua:249]: ++++As library of:	/home/annalee/.local/share/nvim/lsp_servers/sumneko_lua/extension/server/meta/Lua 5.4 en-us utf8
[12:22:59.339][info] [#0:script/workspace/workspace.lua:247]: Preload file at: file:///home/annalee/.local/share/nvim/lsp_servers/sumneko_lua/extension/server/meta/Lua%205.4%20en-us%20utf8/debug.lua , size = 7.516 KB
[12:22:59.339][info] [#0:script/workspace/workspace.lua:249]: ++++As library of:	/home/annalee/.local/share/nvim/lsp_servers/sumneko_lua/extension/server/meta/Lua 5.4 en-us utf8
[12:22:59.346][info] [#0:script/workspace/workspace.lua:247]: Preload file at: file:///home/annalee/.local/share/nvim/lsp_servers/sumneko_lua/extension/server/meta/Lua%205.4%20en-us%20utf8/io.lua , size = 6.375 KB
[12:22:59.346][info] [#0:script/workspace/workspace.lua:249]: ++++As library of:	/home/annalee/.local/share/nvim/lsp_servers/sumneko_lua/extension/server/meta/Lua 5.4 en-us utf8
[12:22:59.353][info] [#0:script/workspace/workspace.lua:247]: Preload file at: file:///home/annalee/.local/share/nvim/lsp_servers/sumneko_lua/extension/server/meta/Lua%205.4%20en-us%20utf8/os.lua , size = 4.299 KB
[12:22:59.353][info] [#0:script/workspace/workspace.lua:249]: ++++As library of:	/home/annalee/.local/share/nvim/lsp_servers/sumneko_lua/extension/server/meta/Lua 5.4 en-us utf8
[12:22:59.358][info] [#0:script/workspace/workspace.lua:247]: Preload file at: file:///home/annalee/.local/share/nvim/lsp_servers/sumneko_lua/extension/server/meta/Lua%205.4%20en-us%20utf8/package.lua , size = 2.937 KB
[12:22:59.358][info] [#0:script/workspace/workspace.lua:249]: ++++As library of:	/home/annalee/.local/share/nvim/lsp_servers/sumneko_lua/extension/server/meta/Lua 5.4 en-us utf8
[12:22:59.359][info] [#0:script/workspace/workspace.lua:247]: Preload file at: file:///home/annalee/.local/share/nvim/lsp_servers/sumneko_lua/extension/server/meta/Lua%205.4%20en-us%20utf8/string.lua , size = 6.207 KB
[12:22:59.360][info] [#0:script/workspace/workspace.lua:249]: ++++As library of:	/home/annalee/.local/share/nvim/lsp_servers/sumneko_lua/extension/server/meta/Lua 5.4 en-us utf8
[12:22:59.366][info] [#0:script/workspace/workspace.lua:247]: Preload file at: file:///home/annalee/.local/share/nvim/lsp_servers/sumneko_lua/extension/server/meta/Lua%205.4%20en-us%20utf8/table.lua , size = 2.767 KB
[12:22:59.366][info] [#0:script/workspace/workspace.lua:249]: ++++As library of:	/home/annalee/.local/share/nvim/lsp_servers/sumneko_lua/extension/server/meta/Lua 5.4 en-us utf8
[12:22:59.369][info] [#0:script/workspace/workspace.lua:247]: Preload file at: file:///home/annalee/.local/share/nvim/lsp_servers/sumneko_lua/extension/server/meta/Lua%205.4%20en-us%20utf8/utf8.lua , size = 2.352 KB
[12:22:59.369][info] [#0:script/workspace/workspace.lua:249]: ++++As library of:	/home/annalee/.local/share/nvim/lsp_servers/sumneko_lua/extension/server/meta/Lua 5.4 en-us utf8
[12:23:00.272][info] [#0:script/workspace/workspace.lua:372]: Loaded 11/11 files
[12:23:00.273][info] [#0:script/workspace/workspace.lua:381]: Preload finish.
[12:23:01.364][debug][#0:script/provider/diagnostic.lua:251]: publishDiagnostics	file:///home/annalee/.config/nvim/plugins/alpha.lua	7
[12:23:02.298][debug][#0:script/provider/diagnostic.lua:370]: 全文诊断耗时：	0.015625
[12:23:02.367][info] [#0:script/provider/provider.lua:119]: Server shutdown.
[12:23:02.368][info] [#0:script/provider/provider.lua:112]: Server exited.
